<?xml version="1.0" encoding="UTF-8"?>
<testng-results ignored="0" total="2" passed="2" failed="0" skipped="0">
  <reporter-output>
  </reporter-output>
  <suite started-at="2023-02-01T06:01:35 IST" name="Suite" finished-at="2023-02-01T06:01:45 IST" duration-ms="9891">
    <groups>
    </groups>
    <test started-at="2023-02-01T06:01:35 IST" name="Rest API" finished-at="2023-02-01T06:01:45 IST" duration-ms="9891">
      <class name="MavenProjectsAnotherOne.Main">
        <test-method is-config="true" signature="getData()[pri:0, instance:MavenProjectsAnotherOne.Main@2da59753]" started-at="2023-02-01T06:01:35 IST" name="getData" finished-at="2023-02-01T06:01:35 IST" duration-ms="16" status="PASS">
          <reporter-output>
          </reporter-output>
        </test-method> <!-- getData -->
        <test-method signature="Test()[pri:0, instance:MavenProjectsAnotherOne.Main@2da59753]" started-at="2023-02-01T06:01:35 IST" name="Test" finished-at="2023-02-01T06:01:41 IST" duration-ms="5612" status="PASS">
          <reporter-output>
          </reporter-output>
        </test-method> <!-- Test -->
      </class> <!-- MavenProjectsAnotherOne.Main -->
      <class name="MavenProjectsAnotherOne.Main2">
        <test-method is-config="true" signature="getData()[pri:0, instance:MavenProjectsAnotherOne.Main2@62727399]" started-at="2023-02-01T06:01:35 IST" name="getData" finished-at="2023-02-01T06:01:35 IST" duration-ms="0" status="PASS">
          <reporter-output>
          </reporter-output>
        </test-method> <!-- getData -->
        <test-method signature="JiraAPI()[pri:0, instance:MavenProjectsAnotherOne.Main2@62727399]" started-at="2023-02-01T06:01:41 IST" name="JiraAPI" finished-at="2023-02-01T06:01:45 IST" duration-ms="4192" status="PASS">
          <reporter-output>
          </reporter-output>
        </test-method> <!-- JiraAPI -->
      </class> <!-- MavenProjectsAnotherOne.Main2 -->
    </test> <!-- Rest API -->
  </suite> <!-- Suite -->
</testng-results>
